#
# There is insufficient memory for the Java Runtime Environment to continue.
# Native memory allocation (malloc) failed to allocate 32784 bytes. Error detail: Chunk::new
# Possible reasons:
#   The system is out of physical RAM or swap space
#   This process is running with CompressedOops enabled, and the Java Heap may be blocking the growth of the native heap
# Possible solutions:
#   Reduce memory load on the system
#   Increase physical memory or swap space
#   Check if swap backing store is full
#   Decrease Java heap size (-Xmx/-Xms)
#   Decrease number of Java threads
#   Decrease Java thread stack sizes (-Xss)
#   Set larger code cache with -XX:ReservedCodeCacheSize=
#   JVM is running with Unscaled Compressed Oops mode in which the Java heap is
#     placed in the first 4GB address space. The Java Heap base address is the
#     maximum limit for the native heap growth. Please use -XX:HeapBaseMinAddress
#     to set the Java Heap base and to place the Java Heap above 4GB virtual address.
# This output file may be truncated or incomplete.
#
#  Out of Memory Error (arena.cpp:168), pid=17464, tid=8884
#
# JRE version: OpenJDK Runtime Environment Temurin-21.0.8+9 (21.0.8+9) (build 21.0.8+9-LTS)
# Java VM: OpenJDK 64-Bit Server VM Temurin-21.0.8+9 (21.0.8+9-LTS, mixed mode, sharing, tiered, compressed oops, compressed class ptrs, parallel gc, windows-amd64)
# No core dump will be written. Minidumps are not enabled by default on client versions of Windows
#

---------------  S U M M A R Y ------------

Command Line: --add-modules=ALL-SYSTEM --add-opens=java.base/java.util=ALL-UNNAMED --add-opens=java.base/java.lang=ALL-UNNAMED --add-opens=java.base/sun.nio.fs=ALL-UNNAMED -Declipse.application=org.eclipse.jdt.ls.core.id1 -Dosgi.bundles.defaultStartLevel=4 -Declipse.product=org.eclipse.jdt.ls.core.product -Djava.import.generatesMetadataFilesAtProjectRoot=false -DDetectVMInstallationsJob.disabled=true -Dfile.encoding=utf8 -XX:+UseParallelGC -XX:GCTimeRatio=4 -XX:AdaptiveSizePolicyWeight=90 -Dsun.zip.disableMemoryMapping=true -Xmx2G -Xms100m -Xlog:disable -javaagent:c:\Users\Administrator\.vscode\extensions\redhat.java-1.45.0-win32-x64\lombok\lombok-1.18.39-4050.jar -XX:+HeapDumpOnOutOfMemoryError -XX:HeapDumpPath=c:\Users\Administrator\AppData\Roaming\Code\User\workspaceStorage\f1d4f50e408d958b091283a3acc66c5c\redhat.java -Daether.dependencyCollector.impl=bf c:\Users\Administrator\.vscode\extensions\redhat.java-1.45.0-win32-x64\server\plugins\org.eclipse.equinox.launcher_1.7.0.v20250519-0528.jar -configuration c:\Users\Administrator\AppData\Roaming\Code\User\globalStorage\redhat.java\1.45.0\config_win -data c:\Users\Administrator\AppData\Roaming\Code\User\workspaceStorage\f1d4f50e408d958b091283a3acc66c5c\redhat.java\jdt_ws --pipe=\\.\pipe\lsp-36d9a1f6567a817087b3d37be2fc00c5-sock

Host: Intel(R) Core(TM) i7-6600U CPU @ 2.60GHz, 4 cores, 15G,  Windows 10 , 64 bit Build 19041 (10.0.19041.4957)
Time: Thu Sep 18 00:41:05 2025 Egypt Standard Time elapsed time: 3.005389 seconds (0d 0h 0m 3s)

---------------  T H R E A D  ---------------

Current thread (0x000002b2e1d28f80):  JavaThread "C2 CompilerThread1" daemon [_thread_in_native, id=8884, stack(0x000000b9e3900000,0x000000b9e3a00000) (1024K)]


Current CompileTask:
C2:3005  646       4       lombok.patcher.PatchScript::classMatches (41 bytes)

Stack: [0x000000b9e3900000,0x000000b9e3a00000]
Native frames: (J=compiled Java code, j=interpreted, Vv=VM code, C=native code)
V  [jvm.dll+0x6d2449]
V  [jvm.dll+0x8ae341]
V  [jvm.dll+0x8b08be]
V  [jvm.dll+0x8b0fa3]
V  [jvm.dll+0x280c96]
V  [jvm.dll+0xc581d]
V  [jvm.dll+0xc5d53]
V  [jvm.dll+0xc5945]
V  [jvm.dll+0x2e9293]
V  [jvm.dll+0x2e913b]
V  [jvm.dll+0x86b5a0]
V  [jvm.dll+0xbc1e4]
V  [jvm.dll+0xbbe68]
V  [jvm.dll+0x6fb94a]
V  [jvm.dll+0x6f9db3]
V  [jvm.dll+0x2520ce]
V  [jvm.dll+0x25244f]
V  [jvm.dll+0x24ad14]
V  [jvm.dll+0x2483a4]
V  [jvm.dll+0x1c89ee]
V  [jvm.dll+0x257d4d]
V  [jvm.dll+0x2562ea]
V  [jvm.dll+0x3f2d16]
V  [jvm.dll+0x857e6b]
V  [jvm.dll+0x6d0b0d]
C  [ucrtbase.dll+0x21bb2]
C  [KERNEL32.DLL+0x17374]
C  [ntdll.dll+0x4cc91]


---------------  P R O C E S S  ---------------

Threads class SMR info:
_java_thread_list=0x000002b2e1e1a0c0, length=12, elements={
0x000002b289551540, 0x000002b29ff2dc20, 0x000002b29ff2ed80, 0x000002b29ff310d0,
0x000002b29ff31fe0, 0x000002b29ff35cb0, 0x000002b29ff36700, 0x000002b29ff37530,
0x000002b29ffb1100, 0x000002b2895bca00, 0x000002b2e1e139b0, 0x000002b2e1d28f80
}

Java Threads: ( => current thread )
  0x000002b289551540 JavaThread "main"                              [_thread_in_vm, id=14968, stack(0x000000b9e2b00000,0x000000b9e2c00000) (1024K)]
  0x000002b29ff2dc20 JavaThread "Reference Handler"          daemon [_thread_blocked, id=12152, stack(0x000000b9e2f00000,0x000000b9e3000000) (1024K)]
  0x000002b29ff2ed80 JavaThread "Finalizer"                  daemon [_thread_blocked, id=17076, stack(0x000000b9e3000000,0x000000b9e3100000) (1024K)]
  0x000002b29ff310d0 JavaThread "Signal Dispatcher"          daemon [_thread_blocked, id=3644, stack(0x000000b9e3100000,0x000000b9e3200000) (1024K)]
  0x000002b29ff31fe0 JavaThread "Attach Listener"            daemon [_thread_blocked, id=15844, stack(0x000000b9e3200000,0x000000b9e3300000) (1024K)]
  0x000002b29ff35cb0 JavaThread "Service Thread"             daemon [_thread_blocked, id=15352, stack(0x000000b9e3300000,0x000000b9e3400000) (1024K)]
  0x000002b29ff36700 JavaThread "Monitor Deflation Thread"   daemon [_thread_blocked, id=14344, stack(0x000000b9e3400000,0x000000b9e3500000) (1024K)]
  0x000002b29ff37530 JavaThread "C2 CompilerThread0"         daemon [_thread_in_native, id=18044, stack(0x000000b9e3500000,0x000000b9e3600000) (1024K)]
  0x000002b29ffb1100 JavaThread "C1 CompilerThread0"         daemon [_thread_blocked, id=11540, stack(0x000000b9e3600000,0x000000b9e3700000) (1024K)]
  0x000002b2895bca00 JavaThread "Common-Cleaner"             daemon [_thread_blocked, id=956, stack(0x000000b9e3700000,0x000000b9e3800000) (1024K)]
  0x000002b2e1e139b0 JavaThread "Notification Thread"        daemon [_thread_blocked, id=3152, stack(0x000000b9e3800000,0x000000b9e3900000) (1024K)]
=>0x000002b2e1d28f80 JavaThread "C2 CompilerThread1"         daemon [_thread_in_native, id=8884, stack(0x000000b9e3900000,0x000000b9e3a00000) (1024K)]
Total: 12

Other Threads:
  0x000002b289613810 VMThread "VM Thread"                           [id=18360, stack(0x000000b9e2e00000,0x000000b9e2f00000) (1024K)]
  0x000002b2895bb7f0 WatcherThread "VM Periodic Task Thread"        [id=1208, stack(0x000000b9e2d00000,0x000000b9e2e00000) (1024K)]
  0x000002b28956f170 WorkerThread "GC Thread#0"                     [id=15604, stack(0x000000b9e2c00000,0x000000b9e2d00000) (1024K)]
Total: 3

Threads with active compile tasks:
C2 CompilerThread0  3049  659       4       java.lang.StringLatin1::lastIndexOf (40 bytes)
C2 CompilerThread1  3049  646       4       lombok.patcher.PatchScript::classMatches (41 bytes)
Total: 2

VM state: not at safepoint (normal execution)

VM Mutex/Monitor currently owned by a thread: None

Heap address: 0x0000000080000000, size: 2048 MB, Compressed Oops mode: 32-bit

CDS archive(s) mapped at: [0x000002b2a0000000-0x000002b2a0ba0000-0x000002b2a0ba0000), size 12189696, SharedBaseAddress: 0x000002b2a0000000, ArchiveRelocationMode: 1.
Compressed class space mapped at: 0x000002b2a1000000-0x000002b2e1000000, reserved size: 1073741824
Narrow klass base: 0x000002b2a0000000, Narrow klass shift: 0, Narrow klass range: 0x100000000

GC Precious Log:
 CardTable entry size: 512
 CPUs: 4 total, 4 available
 Memory: 16021M
 Large Page Support: Disabled
 NUMA Support: Disabled
 Compressed Oops: Enabled (32-bit)
 Alignments: Space 512K, Generation 512K, Heap 2M
 Heap Min Capacity: 100M
 Heap Initial Capacity: 100M
 Heap Max Capacity: 2G
 Pre-touch: Disabled
 Parallel Workers: 4

Heap:
 PSYoungGen      total 29696K, used 13434K [0x00000000d5580000, 0x00000000d7680000, 0x0000000100000000)
  eden space 25600K, 52% used [0x00000000d5580000,0x00000000d629eae8,0x00000000d6e80000)
  from space 4096K, 0% used [0x00000000d7280000,0x00000000d7280000,0x00000000d7680000)
  to   space 4096K, 0% used [0x00000000d6e80000,0x00000000d6e80000,0x00000000d7280000)
 ParOldGen       total 68608K, used 0K [0x0000000080000000, 0x0000000084300000, 0x00000000d5580000)
  object space 68608K, 0% used [0x0000000080000000,0x0000000080000000,0x0000000084300000)
 Metaspace       used 2468K, committed 2688K, reserved 1114112K
  class space    used 250K, committed 384K, reserved 1048576K

Card table byte_map: [0x000002b288f10000,0x000002b289320000] _byte_map_base: 0x000002b288b10000

Marking Bits: (ParMarkBitMap*) 0x00007ffeb937a340
 Begin Bits: [0x000002b29ba00000, 0x000002b29da00000)
 End Bits:   [0x000002b29da00000, 0x000002b29fa00000)

Polling page: 0x000002b287350000

Metaspace:

Usage:
  Non-class:      2.17 MB used.
      Class:    250.88 KB used.
       Both:      2.41 MB used.

Virtual space:
  Non-class space:       64.00 MB reserved,       2.25 MB (  4%) committed,  1 nodes.
      Class space:        1.00 GB reserved,     384.00 KB ( <1%) committed,  1 nodes.
             Both:        1.06 GB reserved,       2.62 MB ( <1%) committed. 

Chunk freelists:
   Non-Class:  11.65 MB
       Class:  15.67 MB
        Both:  27.32 MB

MaxMetaspaceSize: unlimited
CompressedClassSpaceSize: 1.00 GB
Initial GC threshold: 21.00 MB
Current GC threshold: 21.00 MB
CDS: on
 - commit_granule_bytes: 65536.
 - commit_granule_words: 8192.
 - virtual_space_node_default_size: 8388608.
 - enlarge_chunks_in_place: 1.
 - use_allocation_guard: 0.


Internal statistics:

num_allocs_failed_limit: 0.
num_arena_births: 80.
num_arena_deaths: 0.
num_vsnodes_births: 2.
num_vsnodes_deaths: 0.
num_space_committed: 42.
num_space_uncommitted: 0.
num_chunks_returned_to_freelist: 0.
num_chunks_taken_from_freelist: 102.
num_chunk_merges: 0.
num_chunk_splits: 72.
num_chunks_enlarged: 46.
num_inconsistent_stats: 0.

CodeHeap 'non-profiled nmethods': size=120000Kb used=242Kb max_used=242Kb free=119757Kb
 bounds [0x000002b294220000, 0x000002b294490000, 0x000002b29b750000]
CodeHeap 'profiled nmethods': size=120000Kb used=998Kb max_used=998Kb free=119001Kb
 bounds [0x000002b28c750000, 0x000002b28c9c0000, 0x000002b293c80000]
CodeHeap 'non-nmethods': size=5760Kb used=1178Kb max_used=1201Kb free=4581Kb
 bounds [0x000002b293c80000, 0x000002b293ef0000, 0x000002b294220000]
CodeCache: size=245760Kb, used=2418Kb, max_used=2441Kb, free=243339Kb
 total_blobs=1108, nmethods=672, adapters=343, full_count=0
Compilation: enabled, stopped_count=0, restarted_count=0

Compilation events (20 events):
Event: 2.938 Thread 0x000002b29ffb1100  667       3       java.lang.invoke.MemberName::getMethodOrFieldType (72 bytes)
Event: 2.939 Thread 0x000002b29ffb1100 nmethod 667 0x000002b28c844390 code [0x000002b28c8446e0, 0x000002b28c845490]
Event: 2.939 Thread 0x000002b29ffb1100  668       3       java.util.regex.Pattern::peek (26 bytes)
Event: 2.940 Thread 0x000002b29ffb1100 nmethod 668 0x000002b28c845990 code [0x000002b28c845b40, 0x000002b28c845d98]
Event: 2.940 Thread 0x000002b29ffb1100  669       3       java.lang.invoke.LambdaForm$NamedFunction::returnType (11 bytes)
Event: 2.941 Thread 0x000002b29ffb1100 nmethod 669 0x000002b28c845e90 code [0x000002b28c8460a0, 0x000002b28c8465b8]
Event: 2.949 Thread 0x000002b29ffb1100  670       3       sun.security.util.DerInputStream::available (10 bytes)
Event: 2.950 Thread 0x000002b29ffb1100 nmethod 670 0x000002b28c846810 code [0x000002b28c8469a0, 0x000002b28c846ab0]
Event: 2.951 Thread 0x000002b29ffb1100  671       3       java.util.jar.Manifest$FastInputStream::readLine (296 bytes)
Event: 2.952 Thread 0x000002b29ffb1100 nmethod 671 0x000002b28c846b10 code [0x000002b28c846d40, 0x000002b28c8475a8]
Event: 2.952 Thread 0x000002b29ffb1100  672       3       java.util.LinkedHashMap::newNode (23 bytes)
Event: 2.953 Thread 0x000002b29ffb1100 nmethod 672 0x000002b28c847910 code [0x000002b28c847ac0, 0x000002b28c847cc0]
Event: 2.953 Thread 0x000002b29ffb1100  673       3       java.util.LinkedHashMap$Entry::<init> (10 bytes)
Event: 2.953 Thread 0x000002b29ffb1100 nmethod 673 0x000002b28c847e10 code [0x000002b28c847fc0, 0x000002b28c8481c8]
Event: 2.953 Thread 0x000002b29ffb1100  674       3       java.util.Objects::checkFromIndexSize (8 bytes)
Event: 2.953 Thread 0x000002b29ffb1100 nmethod 674 0x000002b28c848310 code [0x000002b28c8484c0, 0x000002b28c8486c8]
Event: 2.958 Thread 0x000002b29ffb1100  677       3       java.lang.Integer::rotateRight (9 bytes)
Event: 2.958 Thread 0x000002b29ffb1100 nmethod 677 0x000002b28c848810 code [0x000002b28c8489a0, 0x000002b28c848aa0]
Event: 2.958 Thread 0x000002b29ffb1100  678       3       sun.invoke.util.Wrapper::forPrimitiveType (122 bytes)
Event: 2.959 Thread 0x000002b29ffb1100 nmethod 678 0x000002b28c848b10 code [0x000002b28c848de0, 0x000002b28c8498c0]

GC Heap History (0 events):
No events

Dll operation events (8 events):
Event: 0.098 Loaded shared library c:\Users\Administrator\.vscode\extensions\redhat.java-1.45.0-win32-x64\jre\21.0.8-win32-x86_64\bin\java.dll
Event: 0.994 Loaded shared library c:\Users\Administrator\.vscode\extensions\redhat.java-1.45.0-win32-x64\jre\21.0.8-win32-x86_64\bin\zip.dll
Event: 1.111 Loaded shared library C:\Users\Administrator\.vscode\extensions\redhat.java-1.45.0-win32-x64\jre\21.0.8-win32-x86_64\bin\instrument.dll
Event: 1.120 Loaded shared library C:\Users\Administrator\.vscode\extensions\redhat.java-1.45.0-win32-x64\jre\21.0.8-win32-x86_64\bin\net.dll
Event: 1.123 Loaded shared library C:\Users\Administrator\.vscode\extensions\redhat.java-1.45.0-win32-x64\jre\21.0.8-win32-x86_64\bin\nio.dll
Event: 1.127 Loaded shared library C:\Users\Administrator\.vscode\extensions\redhat.java-1.45.0-win32-x64\jre\21.0.8-win32-x86_64\bin\zip.dll
Event: 1.207 Loaded shared library C:\Users\Administrator\.vscode\extensions\redhat.java-1.45.0-win32-x64\jre\21.0.8-win32-x86_64\bin\jimage.dll
Event: 1.574 Loaded shared library c:\Users\Administrator\.vscode\extensions\redhat.java-1.45.0-win32-x64\jre\21.0.8-win32-x86_64\bin\verify.dll

Deoptimization events (20 events):
Event: 2.842 Thread 0x000002b289551540 Uncommon trap: trap_request=0xffffff45 fr.pc=0x000002b294241d84 relative=0x00000000000000e4
Event: 2.842 Thread 0x000002b289551540 Uncommon trap: reason=unstable_if action=reinterpret pc=0x000002b294241d84 method=java.net.URI.match(CJJ)Z @ 45 c2
Event: 2.842 Thread 0x000002b289551540 DEOPT PACKING pc=0x000002b294241d84 sp=0x000000b9e2bfcf90
Event: 2.842 Thread 0x000002b289551540 DEOPT UNPACKING pc=0x000002b293cd3aa2 sp=0x000000b9e2bfcef8 mode 2
Event: 2.847 Thread 0x000002b289551540 Uncommon trap: trap_request=0xffffffde fr.pc=0x000002b29425625c relative=0x000000000000013c
Event: 2.847 Thread 0x000002b289551540 Uncommon trap: reason=class_check action=maybe_recompile pc=0x000002b29425625c method=jdk.internal.misc.Unsafe.allocateUninitializedArray(Ljava/lang/Class;I)Ljava/lang/Object; @ 51 c2
Event: 2.847 Thread 0x000002b289551540 DEOPT PACKING pc=0x000002b29425625c sp=0x000000b9e2bfc030
Event: 2.847 Thread 0x000002b289551540 DEOPT UNPACKING pc=0x000002b293cd3aa2 sp=0x000000b9e2bfbfa8 mode 2
Event: 2.847 Thread 0x000002b289551540 Uncommon trap: trap_request=0xffffffde fr.pc=0x000002b29425625c relative=0x000000000000013c
Event: 2.847 Thread 0x000002b289551540 Uncommon trap: reason=class_check action=maybe_recompile pc=0x000002b29425625c method=jdk.internal.misc.Unsafe.allocateUninitializedArray(Ljava/lang/Class;I)Ljava/lang/Object; @ 51 c2
Event: 2.847 Thread 0x000002b289551540 DEOPT PACKING pc=0x000002b29425625c sp=0x000000b9e2bfc030
Event: 2.847 Thread 0x000002b289551540 DEOPT UNPACKING pc=0x000002b293cd3aa2 sp=0x000000b9e2bfbfa8 mode 2
Event: 2.847 Thread 0x000002b289551540 Uncommon trap: trap_request=0xffffffde fr.pc=0x000002b29425625c relative=0x000000000000013c
Event: 2.847 Thread 0x000002b289551540 Uncommon trap: reason=class_check action=maybe_recompile pc=0x000002b29425625c method=jdk.internal.misc.Unsafe.allocateUninitializedArray(Ljava/lang/Class;I)Ljava/lang/Object; @ 51 c2
Event: 2.847 Thread 0x000002b289551540 DEOPT PACKING pc=0x000002b29425625c sp=0x000000b9e2bfc030
Event: 2.847 Thread 0x000002b289551540 DEOPT UNPACKING pc=0x000002b293cd3aa2 sp=0x000000b9e2bfbfa8 mode 2
Event: 2.847 Thread 0x000002b289551540 Uncommon trap: trap_request=0xffffffde fr.pc=0x000002b29425625c relative=0x000000000000013c
Event: 2.847 Thread 0x000002b289551540 Uncommon trap: reason=class_check action=maybe_recompile pc=0x000002b29425625c method=jdk.internal.misc.Unsafe.allocateUninitializedArray(Ljava/lang/Class;I)Ljava/lang/Object; @ 51 c2
Event: 2.847 Thread 0x000002b289551540 DEOPT PACKING pc=0x000002b29425625c sp=0x000000b9e2bfc070
Event: 2.847 Thread 0x000002b289551540 DEOPT UNPACKING pc=0x000002b293cd3aa2 sp=0x000000b9e2bfbfe8 mode 2

Classes loaded (20 events):
Event: 2.957 Loading class java/security/MessageDigest$Delegate$CloneableDelegate
Event: 2.957 Loading class java/security/MessageDigest$Delegate$CloneableDelegate done
Event: 2.957 Loading class sun/security/provider/ByteArrayAccess
Event: 2.957 Loading class sun/security/provider/ByteArrayAccess done
Event: 2.957 Loading class sun/security/provider/ByteArrayAccess$BE
Event: 2.957 Loading class sun/security/provider/ByteArrayAccess$BE done
Event: 2.959 Loading class sun/security/util/SignatureUtil
Event: 2.959 Loading class sun/security/util/SignatureUtil done
Event: 2.959 Loading class java/security/Signature
Event: 2.959 Loading class java/security/SignatureSpi
Event: 2.959 Loading class java/security/SignatureSpi done
Event: 2.959 Loading class java/security/Signature done
Event: 2.960 Loading class java/security/Signature$1
Event: 2.960 Loading class jdk/internal/access/JavaSecuritySignatureAccess
Event: 2.960 Loading class jdk/internal/access/JavaSecuritySignatureAccess done
Event: 2.960 Loading class java/security/Signature$1 done
Event: 2.960 Loading class sun/security/jca/ServiceId
Event: 2.960 Loading class sun/security/jca/ServiceId done
Event: 2.960 Loading class java/security/Signature$Delegate
Event: 2.960 Loading class java/security/Signature$Delegate done

Classes unloaded (0 events):
No events

Classes redefined (0 events):
No events

Internal exceptions (12 events):
Event: 0.989 Thread 0x000002b289551540 Exception <a 'java/lang/NoSuchMethodError'{0x00000000d57aa470}: 'void java.lang.invoke.DirectMethodHandle$Holder.invokeStatic(java.lang.Object, java.lang.Object, java.lang.Object)'> (0x00000000d57aa470) 
thrown [s\src\hotspot\share\interpreter\linkResolver.cpp, line 773]
Event: 1.200 Thread 0x000002b289551540 Exception <a 'java/lang/NoSuchMethodError'{0x00000000d5912b38}: 'java.lang.Object java.lang.invoke.Invokers$Holder.invokeExact_MT(java.lang.Object, java.lang.Object, java.lang.Object, java.lang.Object, java.lang.Object)'> (0x00000000d5912b38) 
thrown [s\src\hotspot\share\interpreter\linkResolver.cpp, line 773]
Event: 1.386 Thread 0x000002b289551540 Exception <a 'java/lang/NoSuchMethodError'{0x00000000d59cc248}: 'int java.lang.invoke.DirectMethodHandle$Holder.invokeSpecial(java.lang.Object, java.lang.Object, java.lang.Object, int)'> (0x00000000d59cc248) 
thrown [s\src\hotspot\share\interpreter\linkResolver.cpp, line 773]
Event: 1.389 Thread 0x000002b289551540 Exception <a 'java/lang/NoSuchMethodError'{0x00000000d59dec30}: 'java.lang.Object java.lang.invoke.DirectMethodHandle$Holder.invokeStatic(java.lang.Object, java.lang.Object, java.lang.Object, java.lang.Object, int)'> (0x00000000d59dec30) 
thrown [s\src\hotspot\share\interpreter\linkResolver.cpp, line 773]
Event: 1.475 Thread 0x000002b289551540 Exception <a 'java/lang/NoSuchMethodError'{0x00000000d59ea070}: 'void java.lang.invoke.DelegatingMethodHandle$Holder.reinvoke_L(java.lang.Object, java.lang.Object, java.lang.Object, int, java.lang.Object)'> (0x00000000d59ea070) 
thrown [s\src\hotspot\share\interpreter\linkResolver.cpp, line 773]
Event: 1.484 Thread 0x000002b289551540 Exception <a 'java/lang/NoSuchMethodError'{0x00000000d59fa9c0}: 'int java.lang.invoke.DirectMethodHandle$Holder.invokeSpecial(java.lang.Object, java.lang.Object, java.lang.Object)'> (0x00000000d59fa9c0) 
thrown [s\src\hotspot\share\interpreter\linkResolver.cpp, line 773]
Event: 1.487 Thread 0x000002b289551540 Exception <a 'java/lang/NoSuchMethodError'{0x00000000d5a06680}: 'java.lang.Object java.lang.invoke.DirectMethodHandle$Holder.invokeStatic(java.lang.Object, java.lang.Object, int)'> (0x00000000d5a06680) 
thrown [s\src\hotspot\share\interpreter\linkResolver.cpp, line 773]
Event: 1.488 Thread 0x000002b289551540 Exception <a 'java/lang/NoSuchMethodError'{0x00000000d5a0afd0}: 'void java.lang.invoke.DirectMethodHandle$Holder.invokeStatic(java.lang.Object, java.lang.Object, int, java.lang.Object)'> (0x00000000d5a0afd0) 
thrown [s\src\hotspot\share\interpreter\linkResolver.cpp, line 773]
Event: 1.489 Thread 0x000002b289551540 Exception <a 'java/lang/NoSuchMethodError'{0x00000000d5a0eb60}: 'void java.lang.invoke.DirectMethodHandle$Holder.invokeSpecial(java.lang.Object, java.lang.Object, java.lang.Object, int, java.lang.Object)'> (0x00000000d5a0eb60) 
thrown [s\src\hotspot\share\interpreter\linkResolver.cpp, line 773]
Event: 1.489 Thread 0x000002b289551540 Exception <a 'java/lang/NoSuchMethodError'{0x00000000d5a12228}: 'void java.lang.invoke.DelegatingMethodHandle$Holder.delegate(java.lang.Object, java.lang.Object, int, java.lang.Object)'> (0x00000000d5a12228) 
thrown [s\src\hotspot\share\interpreter\linkResolver.cpp, line 773]
Event: 1.839 Thread 0x000002b289551540 Exception <a 'java/lang/NoSuchMethodError'{0x00000000d5bd3d48}: 'void java.lang.invoke.DelegatingMethodHandle$Holder.reinvoke_L(java.lang.Object, java.lang.Object, java.lang.Object, int)'> (0x00000000d5bd3d48) 
thrown [s\src\hotspot\share\interpreter\linkResolver.cpp, line 773]
Event: 2.810 Thread 0x000002b289551540 Exception <a 'java/lang/NoSuchMethodError'{0x00000000d6062ff0}: 'void java.lang.invoke.DirectMethodHandle$Holder.invokeVirtual(java.lang.Object, java.lang.Object)'> (0x00000000d6062ff0) 
thrown [s\src\hotspot\share\interpreter\linkResolver.cpp, line 773]

ZGC Phase Switch (0 events):
No events

VM Operations (6 events):
Event: 0.993 Executing VM operation: HandshakeAllThreads (Deoptimize)
Event: 0.993 Executing VM operation: HandshakeAllThreads (Deoptimize) done
Event: 1.316 Executing VM operation: HandshakeAllThreads (Deoptimize)
Event: 1.316 Executing VM operation: HandshakeAllThreads (Deoptimize) done
Event: 2.326 Executing VM operation: Cleanup
Event: 2.341 Executing VM operation: Cleanup done

Memory protections (0 events):
No events

Nmethod flushes (0 events):
No events

Events (12 events):
Event: 0.170 Thread 0x000002b289551540 Thread added: 0x000002b289551540
Event: 0.640 Thread 0x000002b289551540 Thread added: 0x000002b29ff2dc20
Event: 0.640 Thread 0x000002b289551540 Thread added: 0x000002b29ff2ed80
Event: 0.640 Thread 0x000002b289551540 Thread added: 0x000002b29ff310d0
Event: 0.640 Thread 0x000002b289551540 Thread added: 0x000002b29ff31fe0
Event: 0.641 Thread 0x000002b289551540 Thread added: 0x000002b29ff35cb0
Event: 0.641 Thread 0x000002b289551540 Thread added: 0x000002b29ff36700
Event: 0.641 Thread 0x000002b289551540 Thread added: 0x000002b29ff37530
Event: 0.737 Thread 0x000002b289551540 Thread added: 0x000002b29ffb1100
Event: 0.970 Thread 0x000002b289551540 Thread added: 0x000002b2895bca00
Event: 2.260 Thread 0x000002b289551540 Thread added: 0x000002b2e1e139b0
Event: 2.926 Thread 0x000002b29ffb1100 Thread added: 0x000002b2e1d28f80


Dynamic libraries:
0x00007ff63cd20000 - 0x00007ff63cd2e000 	c:\Users\Administrator\.vscode\extensions\redhat.java-1.45.0-win32-x64\jre\21.0.8-win32-x86_64\bin\java.exe
0x00007fff3e2b0000 - 0x00007fff3e4a8000 	C:\Windows\SYSTEM32\ntdll.dll
0x00007fff3c770000 - 0x00007fff3c832000 	C:\Windows\System32\KERNEL32.DLL
0x00007fff3be70000 - 0x00007fff3c16e000 	C:\Windows\System32\KERNELBASE.dll
0x00007fff3bcd0000 - 0x00007fff3bdd0000 	C:\Windows\System32\ucrtbase.dll
0x00007fff05270000 - 0x00007fff05288000 	c:\Users\Administrator\.vscode\extensions\redhat.java-1.45.0-win32-x64\jre\21.0.8-win32-x86_64\bin\jli.dll
0x00007fff3c360000 - 0x00007fff3c4fd000 	C:\Windows\System32\USER32.dll
0x00007fff3be40000 - 0x00007fff3be62000 	C:\Windows\System32\win32u.dll
0x00007fff3c330000 - 0x00007fff3c35b000 	C:\Windows\System32\GDI32.dll
0x00007fff3bb80000 - 0x00007fff3bc97000 	C:\Windows\System32\gdi32full.dll
0x00007fff3b9a0000 - 0x00007fff3ba3d000 	C:\Windows\System32\msvcp_win.dll
0x00007fff01f80000 - 0x00007fff01f9e000 	c:\Users\Administrator\.vscode\extensions\redhat.java-1.45.0-win32-x64\jre\21.0.8-win32-x86_64\bin\VCRUNTIME140.dll
0x00007fff29f80000 - 0x00007fff2a21a000 	C:\Windows\WinSxS\amd64_microsoft.windows.common-controls_6595b64144ccf1df_6.0.19041.4355_none_60b8b9eb71f62e16\COMCTL32.dll
0x00007fff3d610000 - 0x00007fff3d6ae000 	C:\Windows\System32\msvcrt.dll
0x00007fff3c530000 - 0x00007fff3c55f000 	C:\Windows\System32\IMM32.DLL
0x00007fff1e2c0000 - 0x00007fff1e2cc000 	c:\Users\Administrator\.vscode\extensions\redhat.java-1.45.0-win32-x64\jre\21.0.8-win32-x86_64\bin\vcruntime140_1.dll
0x00007ffefec00000 - 0x00007ffefec8d000 	c:\Users\Administrator\.vscode\extensions\redhat.java-1.45.0-win32-x64\jre\21.0.8-win32-x86_64\bin\msvcp140.dll
0x00007ffeb86c0000 - 0x00007ffeb9457000 	c:\Users\Administrator\.vscode\extensions\redhat.java-1.45.0-win32-x64\jre\21.0.8-win32-x86_64\bin\server\jvm.dll
0x00007fff3d8a0000 - 0x00007fff3d952000 	C:\Windows\System32\ADVAPI32.dll
0x00007fff3d3a0000 - 0x00007fff3d440000 	C:\Windows\System32\sechost.dll
0x00007fff3dc50000 - 0x00007fff3dd73000 	C:\Windows\System32\RPCRT4.dll
0x00007fff3bca0000 - 0x00007fff3bcc7000 	C:\Windows\System32\bcrypt.dll
0x00007fff3d960000 - 0x00007fff3d9cb000 	C:\Windows\System32\WS2_32.dll
0x00007fff3b700000 - 0x00007fff3b74b000 	C:\Windows\SYSTEM32\POWRPROF.dll
0x00007fff1bf20000 - 0x00007fff1bf47000 	C:\Windows\SYSTEM32\WINMM.dll
0x00007fff26930000 - 0x00007fff2693a000 	C:\Windows\SYSTEM32\VERSION.dll
0x00007fff3b6e0000 - 0x00007fff3b6f2000 	C:\Windows\SYSTEM32\UMPDC.dll
0x00007fff3a170000 - 0x00007fff3a182000 	C:\Windows\SYSTEM32\kernel.appcore.dll
0x00007fff1c210000 - 0x00007fff1c21a000 	c:\Users\Administrator\.vscode\extensions\redhat.java-1.45.0-win32-x64\jre\21.0.8-win32-x86_64\bin\jimage.dll
0x00007fff39560000 - 0x00007fff39744000 	C:\Windows\SYSTEM32\DBGHELP.DLL
0x00007fff151d0000 - 0x00007fff15204000 	C:\Windows\SYSTEM32\dbgcore.DLL
0x00007fff3ba40000 - 0x00007fff3bac2000 	C:\Windows\System32\bcryptPrimitives.dll
0x00007fff1b2a0000 - 0x00007fff1b2af000 	c:\Users\Administrator\.vscode\extensions\redhat.java-1.45.0-win32-x64\jre\21.0.8-win32-x86_64\bin\instrument.dll
0x00007fff01e50000 - 0x00007fff01e6f000 	c:\Users\Administrator\.vscode\extensions\redhat.java-1.45.0-win32-x64\jre\21.0.8-win32-x86_64\bin\java.dll
0x00007fff3cc30000 - 0x00007fff3d39f000 	C:\Windows\System32\SHELL32.dll
0x00007fff399b0000 - 0x00007fff3a154000 	C:\Windows\SYSTEM32\windows.storage.dll
0x00007fff3c8d0000 - 0x00007fff3cc23000 	C:\Windows\System32\combase.dll
0x00007fff3b2b0000 - 0x00007fff3b2de000 	C:\Windows\SYSTEM32\Wldp.dll
0x00007fff3d9d0000 - 0x00007fff3da9d000 	C:\Windows\System32\OLEAUT32.dll
0x00007fff3d440000 - 0x00007fff3d4ed000 	C:\Windows\System32\SHCORE.dll
0x00007fff3e210000 - 0x00007fff3e265000 	C:\Windows\System32\shlwapi.dll
0x00007fff3b880000 - 0x00007fff3b8a4000 	C:\Windows\SYSTEM32\profapi.dll
0x00007fff01e30000 - 0x00007fff01e48000 	c:\Users\Administrator\.vscode\extensions\redhat.java-1.45.0-win32-x64\jre\21.0.8-win32-x86_64\bin\zip.dll
0x00007fff17b80000 - 0x00007fff17b90000 	C:\Users\Administrator\.vscode\extensions\redhat.java-1.45.0-win32-x64\jre\21.0.8-win32-x86_64\bin\net.dll
0x00007fff33500000 - 0x00007fff3360d000 	C:\Windows\SYSTEM32\WINHTTP.dll
0x00007fff3b010000 - 0x00007fff3b07a000 	C:\Windows\system32\mswsock.dll
0x00007ffefeaf0000 - 0x00007ffefeb06000 	C:\Users\Administrator\.vscode\extensions\redhat.java-1.45.0-win32-x64\jre\21.0.8-win32-x86_64\bin\nio.dll
0x00007fff17290000 - 0x00007fff172a0000 	c:\Users\Administrator\.vscode\extensions\redhat.java-1.45.0-win32-x64\jre\21.0.8-win32-x86_64\bin\verify.dll

JVMTI agents:
c:\Users\Administrator\.vscode\extensions\redhat.java-1.45.0-win32-x64\lombok\lombok-1.18.39-4050.jar path:c:\Users\Administrator\.vscode\extensions\redhat.java-1.45.0-win32-x64\jre\21.0.8-win32-x86_64\bin\instrument.dll, loaded, initialized, instrumentlib options:none

dbghelp: loaded successfully - version: 4.0.5 - missing functions: none
symbol engine: initialized successfully - sym options: 0x614 - pdb path: .;c:\Users\Administrator\.vscode\extensions\redhat.java-1.45.0-win32-x64\jre\21.0.8-win32-x86_64\bin;C:\Windows\SYSTEM32;C:\Windows\WinSxS\amd64_microsoft.windows.common-controls_6595b64144ccf1df_6.0.19041.4355_none_60b8b9eb71f62e16;c:\Users\Administrator\.vscode\extensions\redhat.java-1.45.0-win32-x64\jre\21.0.8-win32-x86_64\bin\server

VM Arguments:
jvm_args: --add-modules=ALL-SYSTEM --add-opens=java.base/java.util=ALL-UNNAMED --add-opens=java.base/java.lang=ALL-UNNAMED --add-opens=java.base/sun.nio.fs=ALL-UNNAMED -Declipse.application=org.eclipse.jdt.ls.core.id1 -Dosgi.bundles.defaultStartLevel=4 -Declipse.product=org.eclipse.jdt.ls.core.product -Djava.import.generatesMetadataFilesAtProjectRoot=false -DDetectVMInstallationsJob.disabled=true -Dfile.encoding=utf8 -XX:+UseParallelGC -XX:GCTimeRatio=4 -XX:AdaptiveSizePolicyWeight=90 -Dsun.zip.disableMemoryMapping=true -Xmx2G -Xms100m -Xlog:disable -javaagent:c:\Users\Administrator\.vscode\extensions\redhat.java-1.45.0-win32-x64\lombok\lombok-1.18.39-4050.jar -XX:+HeapDumpOnOutOfMemoryError -XX:HeapDumpPath=c:\Users\Administrator\AppData\Roaming\Code\User\workspaceStorage\f1d4f50e408d958b091283a3acc66c5c\redhat.java -Daether.dependencyCollector.impl=bf 
java_command: c:\Users\Administrator\.vscode\extensions\redhat.java-1.45.0-win32-x64\server\plugins\org.eclipse.equinox.launcher_1.7.0.v20250519-0528.jar -configuration c:\Users\Administrator\AppData\Roaming\Code\User\globalStorage\redhat.java\1.45.0\config_win -data c:\Users\Administrator\AppData\Roaming\Code\User\workspaceStorage\f1d4f50e408d958b091283a3acc66c5c\redhat.java\jdt_ws --pipe=\\.\pipe\lsp-36d9a1f6567a817087b3d37be2fc00c5-sock
java_class_path (initial): c:\Users\Administrator\.vscode\extensions\redhat.java-1.45.0-win32-x64\server\plugins\org.eclipse.equinox.launcher_1.7.0.v20250519-0528.jar
Launcher Type: SUN_STANDARD

[Global flags]
    uintx AdaptiveSizePolicyWeight                 = 90                                        {product} {command line}
     intx CICompilerCount                          = 3                                         {product} {ergonomic}
    uintx GCTimeRatio                              = 4                                         {product} {command line}
     bool HeapDumpOnOutOfMemoryError               = true                                   {manageable} {command line}
    ccstr HeapDumpPath                             = c:\Users\Administrator\AppData\Roaming\Code\User\workspaceStorage\f1d4f50e408d958b091283a3acc66c5c\redhat.java         {manageable} {command line}
   size_t InitialHeapSize                          = 104857600                                 {product} {command line}
   size_t MaxHeapSize                              = 2147483648                                {product} {command line}
   size_t MaxNewSize                               = 715653120                                 {product} {ergonomic}
   size_t MinHeapDeltaBytes                        = 524288                                    {product} {ergonomic}
   size_t MinHeapSize                              = 104857600                                 {product} {command line}
   size_t NewSize                                  = 34603008                                  {product} {ergonomic}
    uintx NonNMethodCodeHeapSize                   = 5832780                                {pd product} {ergonomic}
    uintx NonProfiledCodeHeapSize                  = 122912730                              {pd product} {ergonomic}
   size_t OldSize                                  = 70254592                                  {product} {ergonomic}
    uintx ProfiledCodeHeapSize                     = 122912730                              {pd product} {ergonomic}
    uintx ReservedCodeCacheSize                    = 251658240                              {pd product} {ergonomic}
     bool SegmentedCodeCache                       = true                                      {product} {ergonomic}
   size_t SoftMaxHeapSize                          = 2147483648                             {manageable} {ergonomic}
     bool UseCompressedOops                        = true                           {product lp64_product} {ergonomic}
     bool UseLargePagesIndividualAllocation        = false                                  {pd product} {ergonomic}
     bool UseParallelGC                            = true                                      {product} {command line}

Logging:
Log output configuration:
 #0: stdout all=off uptime,level,tags foldmultilines=false
 #1: stderr all=off uptime,level,tags foldmultilines=false

Environment Variables:
JAVA_HOME=C:\Program Files\Java\jdk-21
PATH=C:\Python312\Scripts\;C:\Python312\;C:\app\Administrator\product\21c\dbhomeXE\bin;C:\Program Files\Common Files\Oracle\Java\javapath;C:\Program Files (x86)\Common Files\Oracle\Java\java8path;C:\Program Files (x86)\Common Files\Oracle\Java\javapath;C:\Windows\system32;C:\Windows;C:\Windows\System32\Wbem;C:\Windows\System32\WindowsPowerShell\v1.0\;C:\Windows\System32\OpenSSH\;C:\Program Files\Java\jdk-21\bin;C:\Users\Administrator\Documents\MOVIE;C:\ProgramData\ComposerSetup\bin;E:\sqlite-amalgamation-3460000;C:\sqlite-amalgamation-3460000;C:\Program Files\Git\cmd;C:\ProgramData\chocolatey\bin;C:\Users\Administrator\AppData\Roaming\nvm;C:\Program Files\nodejs;C:\Program Files\Eclipse\apache-maven-3.9.6\bin;C:\Program Files\dotnet\;C:\Program Files\Microsoft SQL Server\150\Tools\Binn\;C:\Program Files\Microsoft SQL Server\Client SDK\ODBC\170\Tools\Binn\;C:\Program Files (x86)\Windows Kits\10\Windows Performance Toolkit\;C:\Users\Administrator\AppData\Local\Programs\Python\Python311\Scripts\;C:\Users\Administrator\AppData\Local\Programs\Python\Python311\;C:\Users\Administrator\AppData\Local\Microsoft\WindowsApps;C:\MinGW\bin;C:\Program Files\JetBrains\PyCharm Community Edition 2023.2.2\bin;C:\Program Files\JetBrains\IntelliJ IDEA Community Edition 2023.3.3\bin;C:\Users\Administrator\AppData\Roaming\Composer\vendor\bin;C:\sqlite;C:\Program Files\JetBrains\IntelliJ IDEA 2024.2.3\bin;C:\Users\Administrator\AppData\Roaming\npm;C:\Users\Administrator\AppData\Roaming\nvm;C:\Program Files\nodejs;C:\Users\Administrator\AppData\Local\Programs\Microsoft VS Code\bin;C:\Swift\bin;E:\cursor\resources\app\bin;C:\Users\Administrator\.dotnet\tools
USERNAME=Administrator
OS=Windows_NT
PROCESSOR_IDENTIFIER=Intel64 Family 6 Model 78 Stepping 3, GenuineIntel
TMP=C:\Users\ADMINI~1\AppData\Local\Temp
TEMP=C:\Users\ADMINI~1\AppData\Local\Temp




Periodic native trim disabled

---------------  S Y S T E M  ---------------

OS:
 Windows 10 , 64 bit Build 19041 (10.0.19041.4957)
OS uptime: 0 days 6:31 hours

CPU: total 4 (initial active 4) (2 cores per cpu, 2 threads per core) family 6 model 78 stepping 3 microcode 0xea, cx8, cmov, fxsr, ht, mmx, 3dnowpref, sse, sse2, sse3, ssse3, sse4.1, sse4.2, popcnt, lzcnt, tsc, tscinvbit, avx, avx2, aes, erms, clmul, bmi1, bmi2, rtm, adx, fma, vzeroupper, clflush, clflushopt, rdtscp, f16c
Processor Information for the first 4 processors :
  Max Mhz: 2808, Current Mhz: 2607, Mhz Limit: 2583

Memory: 4k page, system-wide physical 16021M (2880M free)
TotalPageFile size 18069M (AvailPageFile size 5M)
current process WorkingSet (physical memory assigned to process): 57M, peak: 58M
current process commit charge ("private bytes"): 218M, peak: 219M

vm_info: OpenJDK 64-Bit Server VM (21.0.8+9-LTS) for windows-amd64 JRE (21.0.8+9-LTS), built on 2025-07-15T00:00:00Z by "admin" with MS VC++ 17.7 (VS2022)

END.
